{"/home/caique/workspace/backend-interview-task/app/src/database.ts": {"path":"/home/caique/workspace/backend-interview-task/app/src/database.ts","statementMap":{"0":{"start":{"line":1,"column":0},"end":{"line":1,"column":36}},"1":{"start":{"line":2,"column":0},"end":{"line":2,"column":36}},"2":{"start":{"line":4,"column":13},"end":{"line":16,"column":null}}},"fnMap":{},"branchMap":{},"s":{"0":1,"1":1,"2":1},"f":{},"b":{}}
,"/home/caique/workspace/backend-interview-task/app/src/controllers/index.ts": {"path":"/home/caique/workspace/backend-interview-task/app/src/controllers/index.ts","statementMap":{"0":{"start":{"line":1,"column":0},"end":{"line":1,"column":42}},"1":{"start":{"line":2,"column":0},"end":{"line":2,"column":41}},"2":{"start":{"line":3,"column":0},"end":{"line":3,"column":40}},"3":{"start":{"line":4,"column":0},"end":{"line":4,"column":41}}},"fnMap":{},"branchMap":{},"s":{"0":2,"1":2,"2":2,"3":2},"f":{},"b":{}}
,"/home/caique/workspace/backend-interview-task/app/src/controllers/User/authUserController.ts": {"path":"/home/caique/workspace/backend-interview-task/app/src/controllers/User/authUserController.ts","statementMap":{"0":{"start":{"line":16,"column":0},"end":{"line":16,"column":22}},"1":{"start":{"line":2,"column":0},"end":{"line":2,"column":47}},"2":{"start":{"line":3,"column":0},"end":{"line":3,"column":41}},"3":{"start":{"line":4,"column":0},"end":{"line":4,"column":56}},"4":{"start":{"line":6,"column":16},"end":{"line":8,"column":2}},"5":{"start":{"line":17,"column":37},"end":{"line":17,"column":68}},"6":{"start":{"line":19,"column":38},"end":{"line":19,"column":49}},"7":{"start":{"line":21,"column":4},"end":{"line":25,"column":5}},"8":{"start":{"line":22,"column":8},"end":{"line":22,"column":25}},"9":{"start":{"line":23,"column":8},"end":{"line":23,"column":null}},"10":{"start":{"line":24,"column":8},"end":{"line":24,"column":15}},"11":{"start":{"line":27,"column":4},"end":{"line":30,"column":5}},"12":{"start":{"line":28,"column":8},"end":{"line":28,"column":null}},"13":{"start":{"line":29,"column":8},"end":{"line":29,"column":14}},"14":{"start":{"line":32,"column":4},"end":{"line":32,"column":null}},"15":{"start":{"line":33,"column":4},"end":{"line":33,"column":10}},"16":{"start":{"line":38,"column":17},"end":{"line":74,"column":null}},"17":{"start":{"line":38,"column":78},"end":{"line":74,"column":null}},"18":{"start":{"line":39,"column":17},"end":{"line":39,"column":27}},"19":{"start":{"line":40,"column":4},"end":{"line":40,"column":null}},"20":{"start":{"line":41,"column":4},"end":{"line":41,"column":null}},"21":{"start":{"line":42,"column":4},"end":{"line":42,"column":null}},"22":{"start":{"line":43,"column":4},"end":{"line":43,"column":null}},"23":{"start":{"line":44,"column":4},"end":{"line":44,"column":null}},"24":{"start":{"line":45,"column":4},"end":{"line":45,"column":null}},"25":{"start":{"line":47,"column":4},"end":{"line":47,"column":null}},"26":{"start":{"line":49,"column":25},"end":{"line":57,"column":8}},"27":{"start":{"line":59,"column":4},"end":{"line":59,"column":49}},"28":{"start":{"line":61,"column":23},"end":{"line":67,"column":22}},"29":{"start":{"line":69,"column":4},"end":{"line":69,"column":21}},"30":{"start":{"line":70,"column":4},"end":{"line":73,"column":6}},"31":{"start":{"line":76,"column":14},"end":{"line":93,"column":null}},"32":{"start":{"line":76,"column":71},"end":{"line":93,"column":null}},"33":{"start":{"line":77,"column":25},"end":{"line":84,"column":6}},"34":{"start":{"line":86,"column":19},"end":{"line":86,"column":69}},"35":{"start":{"line":88,"column":4},"end":{"line":88,"column":21}},"36":{"start":{"line":89,"column":4},"end":{"line":92,"column":6}}},"fnMap":{"0":{"name":"authUserController","decl":{"start":{"line":16,"column":22},"end":{"line":16,"column":40}},"loc":{"start":{"line":16,"column":53},"end":{"line":35,"column":null}}},"1":{"name":"(anonymous_9)","decl":{"start":{"line":38,"column":17},"end":{"line":38,"column":24}},"loc":{"start":{"line":38,"column":78},"end":{"line":74,"column":null}}},"2":{"name":"(anonymous_10)","decl":{"start":{"line":38,"column":78},"end":{"line":38,"column":null}},"loc":{"start":{"line":38,"column":74},"end":{"line":74,"column":1}}},"3":{"name":"(anonymous_11)","decl":{"start":{"line":76,"column":14},"end":{"line":76,"column":21}},"loc":{"start":{"line":76,"column":71},"end":{"line":93,"column":null}}},"4":{"name":"(anonymous_12)","decl":{"start":{"line":76,"column":71},"end":{"line":76,"column":null}},"loc":{"start":{"line":76,"column":67},"end":{"line":93,"column":1}}}},"branchMap":{"0":{"loc":{"start":{"line":21,"column":4},"end":{"line":25,"column":5}},"type":"if","locations":[{"start":{"line":21,"column":4},"end":{"line":25,"column":5}}]},"1":{"loc":{"start":{"line":21,"column":8},"end":{"line":21,"column":36}},"type":"binary-expr","locations":[{"start":{"line":21,"column":8},"end":{"line":21,"column":13}},{"start":{"line":21,"column":17},"end":{"line":21,"column":23}},{"start":{"line":21,"column":27},"end":{"line":21,"column":36}}]},"2":{"loc":{"start":{"line":27,"column":4},"end":{"line":30,"column":5}},"type":"if","locations":[{"start":{"line":27,"column":4},"end":{"line":30,"column":5}}]},"3":{"loc":{"start":{"line":72,"column":15},"end":{"line":72,"column":55}},"type":"cond-expr","locations":[{"start":{"line":72,"column":46},"end":{"line":72,"column":48}},{"start":{"line":72,"column":46},"end":{"line":72,"column":55}}]},"4":{"loc":{"start":{"line":72,"column":15},"end":{"line":72,"column":48}},"type":"binary-expr","locations":[{"start":{"line":72,"column":15},"end":{"line":72,"column":48}},{"start":{"line":72,"column":46},"end":{"line":72,"column":48}}]},"5":{"loc":{"start":{"line":91,"column":15},"end":{"line":91,"column":51}},"type":"cond-expr","locations":[{"start":{"line":91,"column":42},"end":{"line":91,"column":44}},{"start":{"line":91,"column":42},"end":{"line":91,"column":51}}]},"6":{"loc":{"start":{"line":91,"column":15},"end":{"line":91,"column":44}},"type":"binary-expr","locations":[{"start":{"line":91,"column":15},"end":{"line":91,"column":44}},{"start":{"line":91,"column":42},"end":{"line":91,"column":44}}]}},"s":{"0":3,"1":3,"2":3,"3":3,"4":3,"5":3,"6":3,"7":3,"8":1,"9":1,"10":1,"11":2,"12":1,"13":1,"14":1,"15":1,"16":3,"17":1,"18":1,"19":1,"20":1,"21":1,"22":1,"23":1,"24":1,"25":1,"26":1,"27":1,"28":1,"29":1,"30":1,"31":3,"32":1,"33":1,"34":1,"35":1,"36":1},"f":{"0":3,"1":1,"2":1,"3":1,"4":1},"b":{"0":[1],"1":[3,2,2],"2":[1],"3":[0,1],"4":[1,1],"5":[0,1],"6":[1,1]}}
,"/home/caique/workspace/backend-interview-task/app/src/controllers/User/editUserController.ts": {"path":"/home/caique/workspace/backend-interview-task/app/src/controllers/User/editUserController.ts","statementMap":{"0":{"start":{"line":10,"column":0},"end":{"line":10,"column":22}},"1":{"start":{"line":2,"column":0},"end":{"line":2,"column":46}},"2":{"start":{"line":3,"column":0},"end":{"line":3,"column":40}},"3":{"start":{"line":11,"column":37},"end":{"line":11,"column":68}},"4":{"start":{"line":13,"column":20},"end":{"line":13,"column":70}},"5":{"start":{"line":14,"column":28},"end":{"line":14,"column":93}},"6":{"start":{"line":16,"column":17},"end":{"line":16,"column":77}},"7":{"start":{"line":18,"column":4},"end":{"line":21,"column":5}},"8":{"start":{"line":19,"column":8},"end":{"line":19,"column":null}},"9":{"start":{"line":20,"column":8},"end":{"line":20,"column":14}},"10":{"start":{"line":23,"column":4},"end":{"line":23,"column":33}},"11":{"start":{"line":25,"column":4},"end":{"line":27,"column":5}},"12":{"start":{"line":26,"column":8},"end":{"line":26,"column":37}},"13":{"start":{"line":29,"column":4},"end":{"line":29,"column":28}},"14":{"start":{"line":30,"column":4},"end":{"line":30,"column":45}},"15":{"start":{"line":32,"column":4},"end":{"line":32,"column":null}},"16":{"start":{"line":33,"column":4},"end":{"line":33,"column":null}}},"fnMap":{"0":{"name":"editUserController","decl":{"start":{"line":10,"column":22},"end":{"line":10,"column":40}},"loc":{"start":{"line":10,"column":53},"end":{"line":34,"column":null}}}},"branchMap":{"0":{"loc":{"start":{"line":14,"column":28},"end":{"line":14,"column":93}},"type":"cond-expr","locations":[{"start":{"line":14,"column":38},"end":{"line":14,"column":59}},{"start":{"line":14,"column":62},"end":{"line":14,"column":93}}]},"1":{"loc":{"start":{"line":18,"column":4},"end":{"line":21,"column":5}},"type":"if","locations":[{"start":{"line":18,"column":4},"end":{"line":21,"column":5}}]},"2":{"loc":{"start":{"line":25,"column":4},"end":{"line":27,"column":5}},"type":"if","locations":[{"start":{"line":25,"column":4},"end":{"line":27,"column":5}}]}},"s":{"0":3,"1":3,"2":3,"3":3,"4":3,"5":3,"6":3,"7":3,"8":1,"9":1,"10":2,"11":2,"12":1,"13":2,"14":2,"15":2,"16":2},"f":{"0":3},"b":{"0":[1,2],"1":[1],"2":[1]}}
,"/home/caique/workspace/backend-interview-task/app/src/controllers/User/getUserController.ts": {"path":"/home/caique/workspace/backend-interview-task/app/src/controllers/User/getUserController.ts","statementMap":{"0":{"start":{"line":5,"column":0},"end":{"line":5,"column":22}},"1":{"start":{"line":2,"column":0},"end":{"line":2,"column":47}},"2":{"start":{"line":3,"column":0},"end":{"line":3,"column":41}},"3":{"start":{"line":6,"column":17},"end":{"line":6,"column":93}},"4":{"start":{"line":7,"column":4},"end":{"line":10,"column":5}},"5":{"start":{"line":8,"column":8},"end":{"line":8,"column":null}},"6":{"start":{"line":9,"column":8},"end":{"line":9,"column":14}},"7":{"start":{"line":11,"column":4},"end":{"line":11,"column":null}},"8":{"start":{"line":12,"column":4},"end":{"line":12,"column":null}}},"fnMap":{"0":{"name":"getUserController","decl":{"start":{"line":5,"column":22},"end":{"line":5,"column":39}},"loc":{"start":{"line":5,"column":52},"end":{"line":13,"column":null}}}},"branchMap":{"0":{"loc":{"start":{"line":7,"column":4},"end":{"line":10,"column":5}},"type":"if","locations":[{"start":{"line":7,"column":4},"end":{"line":10,"column":5}}]}},"s":{"0":2,"1":2,"2":2,"3":2,"4":2,"5":1,"6":1,"7":1,"8":1},"f":{"0":2},"b":{"0":[1]}}
,"/home/caique/workspace/backend-interview-task/app/src/controllers/User/listUserControllers.ts": {"path":"/home/caique/workspace/backend-interview-task/app/src/controllers/User/listUserControllers.ts","statementMap":{"0":{"start":{"line":5,"column":0},"end":{"line":5,"column":22}},"1":{"start":{"line":2,"column":0},"end":{"line":2,"column":47}},"2":{"start":{"line":3,"column":0},"end":{"line":3,"column":41}},"3":{"start":{"line":6,"column":18},"end":{"line":6,"column":56}},"4":{"start":{"line":7,"column":4},"end":{"line":7,"column":null}},"5":{"start":{"line":8,"column":4},"end":{"line":8,"column":null}}},"fnMap":{"0":{"name":"listUsersController","decl":{"start":{"line":5,"column":22},"end":{"line":5,"column":41}},"loc":{"start":{"line":5,"column":54},"end":{"line":9,"column":null}}}},"branchMap":{},"s":{"0":2,"1":2,"2":2,"3":1,"4":1,"5":1},"f":{"0":1},"b":{}}
,"/home/caique/workspace/backend-interview-task/app/src/middlewares/authentication.ts": {"path":"/home/caique/workspace/backend-interview-task/app/src/middlewares/authentication.ts","statementMap":{"0":{"start":{"line":2,"column":0},"end":{"line":2,"column":47}},"1":{"start":{"line":3,"column":0},"end":{"line":3,"column":31}},"2":{"start":{"line":5,"column":19},"end":{"line":5,"column":30}},"3":{"start":{"line":6,"column":21},"end":{"line":6,"column":42}},"4":{"start":{"line":9,"column":19},"end":{"line":11,"column":2}},"5":{"start":{"line":14,"column":15},"end":{"line":19,"column":1}},"6":{"start":{"line":15,"column":2},"end":{"line":18,"column":5}},"7":{"start":{"line":16,"column":23},"end":{"line":16,"column":41}},"8":{"start":{"line":17,"column":4},"end":{"line":17,"column":31}},"9":{"start":{"line":22,"column":28},"end":{"line":47,"column":2}},"10":{"start":{"line":22,"column":63},"end":{"line":47,"column":2}},"11":{"start":{"line":23,"column":16},"end":{"line":23,"column":44}},"12":{"start":{"line":25,"column":2},"end":{"line":29,"column":3}},"13":{"start":{"line":26,"column":4},"end":{"line":26,"column":21}},"14":{"start":{"line":27,"column":4},"end":{"line":27,"column":54}},"15":{"start":{"line":28,"column":4},"end":{"line":28,"column":11}},"16":{"start":{"line":31,"column":2},"end":{"line":46,"column":3}},"17":{"start":{"line":33,"column":25},"end":{"line":38,"column":6}},"18":{"start":{"line":34,"column":6},"end":{"line":37,"column":9}},"19":{"start":{"line":35,"column":8},"end":{"line":35,"column":36}},"20":{"start":{"line":35,"column":17},"end":{"line":35,"column":36}},"21":{"start":{"line":36,"column":8},"end":{"line":36,"column":39}},"22":{"start":{"line":40,"column":4},"end":{"line":40,"column":34}},"23":{"start":{"line":41,"column":4},"end":{"line":41,"column":17}},"24":{"start":{"line":43,"column":4},"end":{"line":43,"column":null}},"25":{"start":{"line":44,"column":4},"end":{"line":44,"column":21}},"26":{"start":{"line":45,"column":4},"end":{"line":45,"column":55}},"27":{"start":{"line":22,"column":13},"end":{"line":22,"column":28}}},"fnMap":{"0":{"name":"(anonymous_8)","decl":{"start":{"line":14,"column":15},"end":{"line":14,"column":16}},"loc":{"start":{"line":14,"column":46},"end":{"line":19,"column":1}}},"1":{"name":"(anonymous_9)","decl":{"start":{"line":15,"column":39},"end":{"line":15,"column":40}},"loc":{"start":{"line":15,"column":52},"end":{"line":18,"column":3}}},"2":{"name":"(anonymous_10)","decl":{"start":{"line":22,"column":28},"end":{"line":22,"column":35}},"loc":{"start":{"line":22,"column":63},"end":{"line":47,"column":2}}},"3":{"name":"(anonymous_11)","decl":{"start":{"line":22,"column":63},"end":{"line":22,"column":null}},"loc":{"start":{"line":22,"column":63},"end":{"line":47,"column":1}}},"4":{"name":"(anonymous_12)","decl":{"start":{"line":33,"column":55},"end":{"line":33,"column":56}},"loc":{"start":{"line":33,"column":75},"end":{"line":38,"column":5}}},"5":{"name":"(anonymous_13)","decl":{"start":{"line":34,"column":59},"end":{"line":34,"column":60}},"loc":{"start":{"line":34,"column":76},"end":{"line":37,"column":7}}}},"branchMap":{"0":{"loc":{"start":{"line":25,"column":2},"end":{"line":29,"column":3}},"type":"if","locations":[{"start":{"line":25,"column":2},"end":{"line":29,"column":3}}]},"1":{"loc":{"start":{"line":35,"column":8},"end":{"line":35,"column":36}},"type":"if","locations":[{"start":{"line":35,"column":8},"end":{"line":35,"column":36}}]}},"s":{"0":1,"1":1,"2":1,"3":1,"4":1,"5":1,"6":0,"7":0,"8":0,"9":1,"10":3,"11":3,"12":3,"13":1,"14":1,"15":1,"16":2,"17":2,"18":2,"19":1,"20":0,"21":1,"22":1,"23":1,"24":1,"25":1,"26":1,"27":1},"f":{"0":0,"1":0,"2":3,"3":3,"4":2,"5":1},"b":{"0":[1],"1":[0]}}
,"/home/caique/workspace/backend-interview-task/app/src/middlewares/authorization.ts": {"path":"/home/caique/workspace/backend-interview-task/app/src/middlewares/authorization.ts","statementMap":{"0":{"start":{"line":4,"column":25},"end":{"line":25,"column":1}},"1":{"start":{"line":5,"column":2},"end":{"line":24,"column":4}},"2":{"start":{"line":5,"column":44},"end":{"line":24,"column":4}},"3":{"start":{"line":6,"column":17},"end":{"line":6,"column":31}},"4":{"start":{"line":8,"column":4},"end":{"line":12,"column":5}},"5":{"start":{"line":9,"column":6},"end":{"line":9,"column":23}},"6":{"start":{"line":10,"column":6},"end":{"line":10,"column":55}},"7":{"start":{"line":11,"column":6},"end":{"line":11,"column":13}},"8":{"start":{"line":14,"column":22},"end":{"line":14,"column":50}},"9":{"start":{"line":15,"column":20},"end":{"line":15,"column":74}},"10":{"start":{"line":15,"column":49},"end":{"line":15,"column":73}},"11":{"start":{"line":17,"column":4},"end":{"line":21,"column":5}},"12":{"start":{"line":18,"column":6},"end":{"line":18,"column":23}},"13":{"start":{"line":19,"column":6},"end":{"line":19,"column":68}},"14":{"start":{"line":20,"column":6},"end":{"line":20,"column":13}},"15":{"start":{"line":23,"column":4},"end":{"line":23,"column":17}},"16":{"start":{"line":4,"column":13},"end":{"line":4,"column":25}}},"fnMap":{"0":{"name":"(anonymous_7)","decl":{"start":{"line":4,"column":25},"end":{"line":4,"column":26}},"loc":{"start":{"line":4,"column":53},"end":{"line":25,"column":1}}},"1":{"name":"(anonymous_8)","decl":{"start":{"line":5,"column":9},"end":{"line":5,"column":16}},"loc":{"start":{"line":5,"column":44},"end":{"line":24,"column":4}}},"2":{"name":"(anonymous_9)","decl":{"start":{"line":5,"column":44},"end":{"line":5,"column":null}},"loc":{"start":{"line":5,"column":44},"end":{"line":24,"column":3}}},"3":{"name":"(anonymous_10)","decl":{"start":{"line":15,"column":39},"end":{"line":15,"column":40}},"loc":{"start":{"line":15,"column":49},"end":{"line":15,"column":73}}}},"branchMap":{"0":{"loc":{"start":{"line":8,"column":4},"end":{"line":12,"column":5}},"type":"if","locations":[{"start":{"line":8,"column":4},"end":{"line":12,"column":5}}]},"1":{"loc":{"start":{"line":14,"column":22},"end":{"line":14,"column":50}},"type":"binary-expr","locations":[{"start":{"line":14,"column":22},"end":{"line":14,"column":44}},{"start":{"line":14,"column":48},"end":{"line":14,"column":50}}]},"2":{"loc":{"start":{"line":17,"column":4},"end":{"line":21,"column":5}},"type":"if","locations":[{"start":{"line":17,"column":4},"end":{"line":21,"column":5}}]}},"s":{"0":1,"1":6,"2":6,"3":6,"4":6,"5":1,"6":1,"7":1,"8":5,"9":5,"10":6,"11":5,"12":2,"13":2,"14":2,"15":3,"16":1},"f":{"0":6,"1":6,"2":6,"3":6},"b":{"0":[1],"1":[5,0],"2":[2]}}
,"/home/caique/workspace/backend-interview-task/app/src/models/User.ts": {"path":"/home/caique/workspace/backend-interview-task/app/src/models/User.ts","statementMap":{"0":{"start":{"line":1,"column":0},"end":{"line":1,"column":64}},"1":{"start":{"line":4,"column":7},"end":{"line":32,"column":null}},"2":{"start":{"line":4,"column":13},"end":{"line":4,"column":17}},"3":{"start":{"line":7,"column":4},"end":{"line":7,"column":null}},"4":{"start":{"line":10,"column":4},"end":{"line":10,"column":null}},"5":{"start":{"line":13,"column":4},"end":{"line":13,"column":null}},"6":{"start":{"line":16,"column":4},"end":{"line":16,"column":null}},"7":{"start":{"line":19,"column":4},"end":{"line":19,"column":null}},"8":{"start":{"line":22,"column":4},"end":{"line":22,"column":null}},"9":{"start":{"line":27,"column":4},"end":{"line":27,"column":null}},"10":{"start":{"line":30,"column":4},"end":{"line":30,"column":null}},"11":{"start":{"line":4,"column":13},"end":{"line":32,"column":null}}},"fnMap":{},"branchMap":{},"s":{"0":5,"1":5,"2":5,"3":5,"4":5,"5":5,"6":5,"7":5,"8":5,"9":5,"10":5,"11":5},"f":{},"b":{}}
}
