TN:
SF:src/database.ts
FNF:0
FNH:0
DA:1,1
DA:2,1
DA:4,1
LF:3
LH:3
BRF:0
BRH:0
end_of_record
TN:
SF:src/controllers/index.ts
FNF:0
FNH:0
DA:1,2
DA:2,2
DA:3,2
DA:4,2
LF:4
LH:4
BRF:0
BRH:0
end_of_record
TN:
SF:src/controllers/User/authUserController.ts
FN:16,authUserController
FN:38,(anonymous_9)
FN:38,(anonymous_10)
FN:76,(anonymous_11)
FN:76,(anonymous_12)
FNF:5
FNH:5
FNDA:3,authUserController
FNDA:1,(anonymous_9)
FNDA:1,(anonymous_10)
FNDA:1,(anonymous_11)
FNDA:1,(anonymous_12)
DA:2,3
DA:3,3
DA:4,3
DA:6,3
DA:16,3
DA:17,3
DA:19,3
DA:21,3
DA:22,1
DA:23,1
DA:24,1
DA:27,2
DA:28,1
DA:29,1
DA:32,1
DA:33,1
DA:38,3
DA:39,1
DA:40,1
DA:41,1
DA:42,1
DA:43,1
DA:44,1
DA:45,1
DA:47,1
DA:49,1
DA:59,1
DA:61,1
DA:69,1
DA:70,1
DA:76,3
DA:77,1
DA:86,1
DA:88,1
DA:89,1
LF:35
LH:35
BRDA:21,0,0,1
BRDA:21,1,0,3
BRDA:21,1,1,2
BRDA:21,1,2,2
BRDA:27,2,0,1
BRDA:72,3,0,0
BRDA:72,3,1,1
BRDA:72,4,0,1
BRDA:72,4,1,1
BRDA:91,5,0,0
BRDA:91,5,1,1
BRDA:91,6,0,1
BRDA:91,6,1,1
BRF:13
BRH:11
end_of_record
TN:
SF:src/controllers/User/editUserController.ts
FN:10,editUserController
FNF:1
FNH:1
FNDA:3,editUserController
DA:2,3
DA:3,3
DA:10,3
DA:11,3
DA:13,3
DA:14,3
DA:16,3
DA:18,3
DA:19,1
DA:20,1
DA:23,2
DA:25,2
DA:26,1
DA:29,2
DA:30,2
DA:32,2
DA:33,2
LF:17
LH:17
BRDA:14,0,0,1
BRDA:14,0,1,2
BRDA:18,1,0,1
BRDA:25,2,0,1
BRF:4
BRH:4
end_of_record
TN:
SF:src/controllers/User/getUserController.ts
FN:5,getUserController
FNF:1
FNH:1
FNDA:2,getUserController
DA:2,2
DA:3,2
DA:5,2
DA:6,2
DA:7,2
DA:8,1
DA:9,1
DA:11,1
DA:12,1
LF:9
LH:9
BRDA:7,0,0,1
BRF:1
BRH:1
end_of_record
TN:
SF:src/controllers/User/listUserControllers.ts
FN:5,listUsersController
FNF:1
FNH:1
FNDA:1,listUsersController
DA:2,2
DA:3,2
DA:5,2
DA:6,1
DA:7,1
DA:8,1
LF:6
LH:6
BRF:0
BRH:0
end_of_record
TN:
SF:src/middlewares/authentication.ts
FN:14,(anonymous_8)
FN:15,(anonymous_9)
FN:22,(anonymous_10)
FN:22,(anonymous_11)
FN:33,(anonymous_12)
FN:34,(anonymous_13)
FNF:6
FNH:4
FNDA:0,(anonymous_8)
FNDA:0,(anonymous_9)
FNDA:3,(anonymous_10)
FNDA:3,(anonymous_11)
FNDA:2,(anonymous_12)
FNDA:1,(anonymous_13)
DA:2,1
DA:3,1
DA:5,1
DA:6,1
DA:9,1
DA:14,1
DA:15,0
DA:16,0
DA:17,0
DA:22,3
DA:23,3
DA:25,3
DA:26,1
DA:27,1
DA:28,1
DA:31,2
DA:33,2
DA:34,2
DA:35,1
DA:36,1
DA:40,1
DA:41,1
DA:43,1
DA:44,1
DA:45,1
LF:25
LH:22
BRDA:25,0,0,1
BRDA:35,1,0,0
BRF:2
BRH:1
end_of_record
TN:
SF:src/middlewares/authorization.ts
FN:4,(anonymous_7)
FN:5,(anonymous_8)
FN:5,(anonymous_9)
FN:15,(anonymous_10)
FNF:4
FNH:4
FNDA:6,(anonymous_7)
FNDA:6,(anonymous_8)
FNDA:6,(anonymous_9)
FNDA:6,(anonymous_10)
DA:4,1
DA:5,6
DA:6,6
DA:8,6
DA:9,1
DA:10,1
DA:11,1
DA:14,5
DA:15,6
DA:17,5
DA:18,2
DA:19,2
DA:20,2
DA:23,3
LF:14
LH:14
BRDA:8,0,0,1
BRDA:14,1,0,5
BRDA:14,1,1,0
BRDA:17,2,0,2
BRF:4
BRH:3
end_of_record
TN:
SF:src/models/User.ts
FNF:0
FNH:0
DA:1,5
DA:4,5
DA:7,5
DA:10,5
DA:13,5
DA:16,5
DA:19,5
DA:22,5
DA:27,5
DA:30,5
LF:10
LH:10
BRF:0
BRH:0
end_of_record
